Started GET "/" for 127.0.0.1 at 2023-11-28 17:20:37 -0300
  [1m[35m (47.5ms)[0m  [1m[35mCREATE TABLE "schema_migrations" ("version" varchar NOT NULL PRIMARY KEY)[0m
  [1m[35m (1.1ms)[0m  [1m[35mCREATE TABLE "ar_internal_metadata" ("key" varchar NOT NULL PRIMARY KEY, "value" varchar, "created_at" datetime(6) NOT NULL, "updated_at" datetime(6) NOT NULL)[0m
  [1m[36mActiveRecord::SchemaMigration Load (0.3ms)[0m  [1m[34mSELECT "schema_migrations"."version" FROM "schema_migrations" ORDER BY "schema_migrations"."version" ASC[0m
Processing by Rails::WelcomeController#index as HTML
  Rendering /home/luciano/.rbenv/versions/3.2.2/lib/ruby/gems/3.2.0/gems/railties-7.1.2/lib/rails/templates/rails/welcome/index.html.erb
  Rendered /home/luciano/.rbenv/versions/3.2.2/lib/ruby/gems/3.2.0/gems/railties-7.1.2/lib/rails/templates/rails/welcome/index.html.erb (Duration: 2.3ms | Allocations: 375)
Completed 200 OK in 135ms (Views: 39.2ms | ActiveRecord: 0.0ms | Allocations: 7873)


Started GET "/" for 127.0.0.1 at 2023-11-28 18:33:18 -0300
  [1m[36mActiveRecord::SchemaMigration Load (0.2ms)[0m  [1m[34mSELECT "schema_migrations"."version" FROM "schema_migrations" ORDER BY "schema_migrations"."version" ASC[0m
Processing by DashboardController#index as HTML
  Rendering layout layouts/application.html.erb
  Rendering dashboard/index.html.erb within layouts/application
  Rendered dashboard/index.html.erb within layouts/application (Duration: 0.8ms | Allocations: 185)
  Rendered layout layouts/application.html.erb (Duration: 572.8ms | Allocations: 96660)
Completed 200 OK in 618ms (Views: 583.0ms | ActiveRecord: 0.0ms | Allocations: 100726)


  [1m[36mActiveRecord::InternalMetadata Load (0.4ms)[0m  [1m[34mSELECT * FROM "ar_internal_metadata" WHERE "ar_internal_metadata"."key" = ? ORDER BY "ar_internal_metadata"."key" ASC LIMIT 1[0m  [[nil, "environment"]]
  [1m[36mActiveRecord::InternalMetadata Create (87.8ms)[0m  [1m[32mINSERT INTO "ar_internal_metadata" ("key", "value", "created_at", "updated_at") VALUES ('environment', 'development', '2023-11-30 14:37:13.549727', '2023-11-30 14:37:13.549736') RETURNING "key"[0m
  [1m[36mActiveRecord::SchemaMigration Load (0.2ms)[0m  [1m[34mSELECT "schema_migrations"."version" FROM "schema_migrations" ORDER BY "schema_migrations"."version" ASC[0m
Migrating to CreateUsers (20231130135530)
  [1m[36mTRANSACTION (0.1ms)[0m  [1m[36mbegin transaction[0m
  [1m[35m (2.5ms)[0m  [1m[35mCREATE TABLE "users" ("id" integer PRIMARY KEY AUTOINCREMENT NOT NULL, "username" varchar, "email" varchar, "password" varchar, "created_at" datetime(6) NOT NULL, "updated_at" datetime(6) NOT NULL)[0m
  [1m[36mActiveRecord::SchemaMigration Create (0.2ms)[0m  [1m[32mINSERT INTO "schema_migrations" ("version") VALUES ('20231130135530') RETURNING "version"[0m
  [1m[36mTRANSACTION (0.3ms)[0m  [1m[36mcommit transaction[0m
  [1m[36mActiveRecord::SchemaMigration Load (0.1ms)[0m  [1m[34mSELECT "schema_migrations"."version" FROM "schema_migrations" ORDER BY "schema_migrations"."version" ASC[0m
  [1m[36mActiveRecord::InternalMetadata Load (0.3ms)[0m  [1m[34mSELECT * FROM "ar_internal_metadata" WHERE "ar_internal_metadata"."key" = ? ORDER BY "ar_internal_metadata"."key" ASC LIMIT 1[0m  [[nil, "environment"]]
  [1m[36mActiveRecord::SchemaMigration Load (0.2ms)[0m  [1m[34mSELECT "schema_migrations"."version" FROM "schema_migrations" ORDER BY "schema_migrations"."version" ASC[0m
Migrating to DeviseCreateUsers (20231201212831)
  [1m[36mTRANSACTION (0.2ms)[0m  [1m[36mbegin transaction[0m
  [1m[35m (6.6ms)[0m  [1m[35mCREATE TABLE "users" ("id" integer PRIMARY KEY AUTOINCREMENT NOT NULL, "email" varchar DEFAULT '' NOT NULL, "encrypted_password" varchar DEFAULT '' NOT NULL, "reset_password_token" varchar, "reset_password_sent_at" datetime(6), "remember_created_at" datetime(6), "created_at" datetime(6) NOT NULL, "updated_at" datetime(6) NOT NULL)[0m
  [1m[36mTRANSACTION (0.2ms)[0m  [1m[31mrollback transaction[0m
  [1m[36mActiveRecord::InternalMetadata Load (0.1ms)[0m  [1m[34mSELECT * FROM "ar_internal_metadata" WHERE "ar_internal_metadata"."key" = ? ORDER BY "ar_internal_metadata"."key" ASC LIMIT 1[0m  [[nil, "environment"]]
  [1m[36mActiveRecord::SchemaMigration Load (0.1ms)[0m  [1m[34mSELECT "schema_migrations"."version" FROM "schema_migrations" ORDER BY "schema_migrations"."version" ASC[0m
Migrating to DeviseCreateUsers (20231201212831)
  [1m[36mTRANSACTION (0.1ms)[0m  [1m[36mbegin transaction[0m
  [1m[35m (1.8ms)[0m  [1m[35mCREATE TABLE "users" ("id" integer PRIMARY KEY AUTOINCREMENT NOT NULL, "email" varchar DEFAULT '' NOT NULL, "encrypted_password" varchar DEFAULT '' NOT NULL, "reset_password_token" varchar, "reset_password_sent_at" datetime(6), "remember_created_at" datetime(6), "created_at" datetime(6) NOT NULL, "updated_at" datetime(6) NOT NULL)[0m
  [1m[36mTRANSACTION (0.0ms)[0m  [1m[31mrollback transaction[0m
Started GET "/" for 127.0.0.1 at 2023-12-01 18:52:09 -0300
Processing by DashboardController#index as HTML
  Rendering layout layouts/application.html.erb
  Rendering dashboard/index.html.erb within layouts/application
  Rendered dashboard/index.html.erb within layouts/application (Duration: 33.1ms | Allocations: 98)
  Rendered layout layouts/application.html.erb (Duration: 1166.3ms | Allocations: 16320)
Completed 200 OK in 1755ms (Views: 1309.3ms | ActiveRecord: 0.0ms | Allocations: 18229)


Started GET "/" for 127.0.0.1 at 2023-12-01 18:52:25 -0300
Processing by DashboardController#index as HTML
  Rendering layout layouts/application.html.erb
  Rendering dashboard/index.html.erb within layouts/application
  Rendered dashboard/index.html.erb within layouts/application (Duration: 0.1ms | Allocations: 7)
  Rendered layout layouts/application.html.erb (Duration: 360.2ms | Allocations: 2149)
Completed 200 OK in 381ms (Views: 361.6ms | ActiveRecord: 0.0ms | Allocations: 2398)


  [1m[36mActiveRecord::InternalMetadata Load (0.1ms)[0m  [1m[34mSELECT * FROM "ar_internal_metadata" WHERE "ar_internal_metadata"."key" = ? ORDER BY "ar_internal_metadata"."key" ASC LIMIT 1[0m  [[nil, "environment"]]
  [1m[36mActiveRecord::SchemaMigration Load (0.1ms)[0m  [1m[34mSELECT "schema_migrations"."version" FROM "schema_migrations" ORDER BY "schema_migrations"."version" ASC[0m
Migrating to DeviseCreateUsers (20231201221308)
  [1m[36mTRANSACTION (0.1ms)[0m  [1m[36mbegin transaction[0m
  [1m[35m (2.0ms)[0m  [1m[35mCREATE TABLE "users" ("id" integer PRIMARY KEY AUTOINCREMENT NOT NULL, "email" varchar DEFAULT '' NOT NULL, "encrypted_password" varchar DEFAULT '' NOT NULL, "reset_password_token" varchar, "reset_password_sent_at" datetime(6), "remember_created_at" datetime(6), "username" varchar, "created_at" datetime(6) NOT NULL, "updated_at" datetime(6) NOT NULL)[0m
  [1m[36mTRANSACTION (0.0ms)[0m  [1m[31mrollback transaction[0m
Started GET "/" for 127.0.0.1 at 2023-12-01 19:15:53 -0300
  [1m[36mActiveRecord::SchemaMigration Load (0.2ms)[0m  [1m[34mSELECT "schema_migrations"."version" FROM "schema_migrations" ORDER BY "schema_migrations"."version" ASC[0m
  
ActiveRecord::PendingMigrationError (

Migrations are pending. To resolve this issue, run:

        bin/rails db:migrate

You have 1 pending migration:

db/migrate/20231201221308_devise_create_users.rb


):
  
activerecord (7.1.2) lib/active_record/migration.rb:754:in `check_pending_migrations'
activerecord (7.1.2) lib/active_record/migration.rb:643:in `block (2 levels) in call'
activesupport (7.1.2) lib/active_support/file_update_checker.rb:85:in `execute'
activerecord (7.1.2) lib/active_record/migration.rb:648:in `block in call'
activerecord (7.1.2) lib/active_record/migration.rb:640:in `synchronize'
activerecord (7.1.2) lib/active_record/migration.rb:640:in `call'
actionpack (7.1.2) lib/action_dispatch/middleware/callbacks.rb:29:in `block in call'
activesupport (7.1.2) lib/active_support/callbacks.rb:101:in `run_callbacks'
actionpack (7.1.2) lib/action_dispatch/middleware/callbacks.rb:28:in `call'
actionpack (7.1.2) lib/action_dispatch/middleware/executor.rb:14:in `call'
actionpack (7.1.2) lib/action_dispatch/middleware/actionable_exceptions.rb:16:in `call'
actionpack (7.1.2) lib/action_dispatch/middleware/debug_exceptions.rb:29:in `call'
web-console (4.2.1) lib/web_console/middleware.rb:132:in `call_app'
web-console (4.2.1) lib/web_console/middleware.rb:28:in `block in call'
web-console (4.2.1) lib/web_console/middleware.rb:17:in `catch'
web-console (4.2.1) lib/web_console/middleware.rb:17:in `call'
actionpack (7.1.2) lib/action_dispatch/middleware/show_exceptions.rb:31:in `call'
railties (7.1.2) lib/rails/rack/logger.rb:37:in `call_app'
railties (7.1.2) lib/rails/rack/logger.rb:24:in `block in call'
activesupport (7.1.2) lib/active_support/tagged_logging.rb:135:in `block in tagged'
activesupport (7.1.2) lib/active_support/tagged_logging.rb:39:in `tagged'
activesupport (7.1.2) lib/active_support/tagged_logging.rb:135:in `tagged'
activesupport (7.1.2) lib/active_support/broadcast_logger.rb:240:in `method_missing'
railties (7.1.2) lib/rails/rack/logger.rb:24:in `call'
sprockets-rails (3.4.2) lib/sprockets/rails/quiet_assets.rb:13:in `call'
actionpack (7.1.2) lib/action_dispatch/middleware/remote_ip.rb:92:in `call'
actionpack (7.1.2) lib/action_dispatch/middleware/request_id.rb:28:in `call'
rack (3.0.8) lib/rack/method_override.rb:28:in `call'
rack (3.0.8) lib/rack/runtime.rb:24:in `call'
activesupport (7.1.2) lib/active_support/cache/strategy/local_cache_middleware.rb:29:in `call'
actionpack (7.1.2) lib/action_dispatch/middleware/server_timing.rb:59:in `block in call'
actionpack (7.1.2) lib/action_dispatch/middleware/server_timing.rb:24:in `collect_events'
actionpack (7.1.2) lib/action_dispatch/middleware/server_timing.rb:58:in `call'
actionpack (7.1.2) lib/action_dispatch/middleware/executor.rb:14:in `call'
actionpack (7.1.2) lib/action_dispatch/middleware/static.rb:25:in `call'
rack (3.0.8) lib/rack/sendfile.rb:114:in `call'
actionpack (7.1.2) lib/action_dispatch/middleware/host_authorization.rb:141:in `call'
railties (7.1.2) lib/rails/engine.rb:529:in `call'
puma (6.4.0) lib/puma/configuration.rb:272:in `call'
puma (6.4.0) lib/puma/request.rb:100:in `block in handle_request'
puma (6.4.0) lib/puma/thread_pool.rb:378:in `with_force_shutdown'
puma (6.4.0) lib/puma/request.rb:99:in `handle_request'
puma (6.4.0) lib/puma/server.rb:443:in `process_client'
puma (6.4.0) lib/puma/server.rb:241:in `block in run'
puma (6.4.0) lib/puma/thread_pool.rb:155:in `block in spawn_thread'
Started POST "/rails/actions" for 127.0.0.1 at 2023-12-01 19:16:09 -0300
  [1m[36mActiveRecord::InternalMetadata Load (0.2ms)[0m  [1m[34mSELECT * FROM "ar_internal_metadata" WHERE "ar_internal_metadata"."key" = ? ORDER BY "ar_internal_metadata"."key" ASC LIMIT 1[0m  [[nil, "environment"]]
  [1m[36mActiveRecord::SchemaMigration Load (0.2ms)[0m  [1m[34mSELECT "schema_migrations"."version" FROM "schema_migrations" ORDER BY "schema_migrations"."version" ASC[0m
Migrating to DeviseCreateUsers (20231201221308)
  [1m[36mTRANSACTION (0.1ms)[0m  [1m[36mbegin transaction[0m
  [1m[35m (3.8ms)[0m  [1m[35mCREATE TABLE "users" ("id" integer PRIMARY KEY AUTOINCREMENT NOT NULL, "email" varchar DEFAULT '' NOT NULL, "encrypted_password" varchar DEFAULT '' NOT NULL, "reset_password_token" varchar, "reset_password_sent_at" datetime(6), "remember_created_at" datetime(6), "username" varchar, "created_at" datetime(6) NOT NULL, "updated_at" datetime(6) NOT NULL)[0m
  [1m[36mTRANSACTION (0.1ms)[0m  [1m[31mrollback transaction[0m
  
StandardError (An error has occurred, this and all later migrations canceled:

SQLite3::SQLException: table "users" already exists):
  
  [1m[36mActiveRecord::SchemaMigration Load (0.1ms)[0m  [1m[34mSELECT "schema_migrations"."version" FROM "schema_migrations" ORDER BY "schema_migrations"."version" ASC[0m
  [1m[36mActiveRecord::SchemaMigration Load (0.0ms)[0m  [1m[34mSELECT "schema_migrations"."version" FROM "schema_migrations" ORDER BY "schema_migrations"."version" ASC[0m
  [1m[36mActiveRecord::SchemaMigration Load (0.0ms)[0m  [1m[34mSELECT "schema_migrations"."version" FROM "schema_migrations" ORDER BY "schema_migrations"."version" ASC[0m
  [1m[36mActiveRecord::InternalMetadata Load (0.1ms)[0m  [1m[34mSELECT * FROM "ar_internal_metadata" WHERE "ar_internal_metadata"."key" = ? ORDER BY "ar_internal_metadata"."key" ASC LIMIT 1[0m  [[nil, "environment"]]
  [1m[36mActiveRecord::SchemaMigration Load (0.1ms)[0m  [1m[34mSELECT "schema_migrations"."version" FROM "schema_migrations" ORDER BY "schema_migrations"."version" ASC[0m
Migrating to DeviseCreateUsers (20231201221308)
  [1m[36mTRANSACTION (0.1ms)[0m  [1m[36mbegin transaction[0m
  [1m[35m (1.9ms)[0m  [1m[35mCREATE TABLE "users" ("id" integer PRIMARY KEY AUTOINCREMENT NOT NULL, "email" varchar DEFAULT '' NOT NULL, "encrypted_password" varchar DEFAULT '' NOT NULL, "reset_password_token" varchar, "reset_password_sent_at" datetime(6), "remember_created_at" datetime(6), "username" varchar, "created_at" datetime(6) NOT NULL, "updated_at" datetime(6) NOT NULL)[0m
  [1m[36mTRANSACTION (0.0ms)[0m  [1m[31mrollback transaction[0m
  [1m[36mActiveRecord::InternalMetadata Load (0.2ms)[0m  [1m[34mSELECT * FROM "ar_internal_metadata" WHERE "ar_internal_metadata"."key" = ? ORDER BY "ar_internal_metadata"."key" ASC LIMIT 1[0m  [[nil, "environment"]]
  [1m[36mActiveRecord::SchemaMigration Load (0.1ms)[0m  [1m[34mSELECT "schema_migrations"."version" FROM "schema_migrations" ORDER BY "schema_migrations"."version" ASC[0m
Migrating to DeviseCreateUsers (20231201221308)
  [1m[36mTRANSACTION (0.1ms)[0m  [1m[36mbegin transaction[0m
  [1m[35m (6.9ms)[0m  [1m[35mCREATE TABLE "users" ("id" integer PRIMARY KEY AUTOINCREMENT NOT NULL, "email" varchar DEFAULT '' NOT NULL, "encrypted_password" varchar DEFAULT '' NOT NULL, "reset_password_token" varchar, "reset_password_sent_at" datetime(6), "remember_created_at" datetime(6), "username" varchar, "created_at" datetime(6) NOT NULL, "updated_at" datetime(6) NOT NULL)[0m
  [1m[36mTRANSACTION (0.1ms)[0m  [1m[31mrollback transaction[0m
  [1m[36mActiveRecord::SchemaMigration Load (0.1ms)[0m  [1m[34mSELECT "schema_migrations"."version" FROM "schema_migrations" ORDER BY "schema_migrations"."version" ASC[0m
  [1m[36mActiveRecord::SchemaMigration Load (0.1ms)[0m  [1m[34mSELECT "schema_migrations"."version" FROM "schema_migrations" ORDER BY "schema_migrations"."version" ASC[0m
  [1m[36mActiveRecord::SchemaMigration Load (0.1ms)[0m  [1m[34mSELECT "schema_migrations"."version" FROM "schema_migrations" ORDER BY "schema_migrations"."version" ASC[0m
  [1m[36mActiveRecord::InternalMetadata Load (0.2ms)[0m  [1m[34mSELECT * FROM "ar_internal_metadata" WHERE "ar_internal_metadata"."key" = ? ORDER BY "ar_internal_metadata"."key" ASC LIMIT 1[0m  [[nil, "environment"]]
  [1m[36mActiveRecord::SchemaMigration Load (0.1ms)[0m  [1m[34mSELECT "schema_migrations"."version" FROM "schema_migrations" ORDER BY "schema_migrations"."version" ASC[0m
Migrating to DeviseCreateUsers (20231201221308)
  [1m[36mTRANSACTION (0.1ms)[0m  [1m[36mbegin transaction[0m
  [1m[35m (2.0ms)[0m  [1m[35mCREATE TABLE "users" ("id" integer PRIMARY KEY AUTOINCREMENT NOT NULL, "email" varchar DEFAULT '' NOT NULL, "encrypted_password" varchar DEFAULT '' NOT NULL, "reset_password_token" varchar, "reset_password_sent_at" datetime(6), "remember_created_at" datetime(6), "username" varchar, "created_at" datetime(6) NOT NULL, "updated_at" datetime(6) NOT NULL)[0m
  [1m[36mTRANSACTION (0.1ms)[0m  [1m[31mrollback transaction[0m
  [1m[36mActiveRecord::SchemaMigration Load (0.2ms)[0m  [1m[34mSELECT "schema_migrations"."version" FROM "schema_migrations" ORDER BY "schema_migrations"."version" ASC[0m
  [1m[36mActiveRecord::InternalMetadata Load (0.1ms)[0m  [1m[34mSELECT * FROM "ar_internal_metadata" WHERE "ar_internal_metadata"."key" = ? ORDER BY "ar_internal_metadata"."key" ASC LIMIT 1[0m  [[nil, "environment"]]
  [1m[36mActiveRecord::SchemaMigration Load (0.0ms)[0m  [1m[34mSELECT "schema_migrations"."version" FROM "schema_migrations" ORDER BY "schema_migrations"."version" ASC[0m
  [1m[36mActiveRecord::InternalMetadata Load (0.1ms)[0m  [1m[34mSELECT * FROM "ar_internal_metadata" WHERE "ar_internal_metadata"."key" = ? ORDER BY "ar_internal_metadata"."key" ASC LIMIT 1[0m  [[nil, "environment"]]
  [1m[36mActiveRecord::SchemaMigration Load (0.0ms)[0m  [1m[34mSELECT "schema_migrations"."version" FROM "schema_migrations" ORDER BY "schema_migrations"."version" ASC[0m
  [1m[36mActiveRecord::InternalMetadata Load (0.1ms)[0m  [1m[34mSELECT * FROM "ar_internal_metadata" WHERE "ar_internal_metadata"."key" = ? ORDER BY "ar_internal_metadata"."key" ASC LIMIT 1[0m  [[nil, "environment"]]
  [1m[35m (89.6ms)[0m  [1m[35mCREATE TABLE "schema_migrations" ("version" varchar NOT NULL PRIMARY KEY)[0m
  [1m[35m (0.3ms)[0m  [1m[35mCREATE TABLE "ar_internal_metadata" ("key" varchar NOT NULL PRIMARY KEY, "value" varchar, "created_at" datetime(6) NOT NULL, "updated_at" datetime(6) NOT NULL)[0m
  [1m[36mActiveRecord::InternalMetadata Load (0.2ms)[0m  [1m[34mSELECT * FROM "ar_internal_metadata" WHERE "ar_internal_metadata"."key" = ? ORDER BY "ar_internal_metadata"."key" ASC LIMIT 1[0m  [[nil, "environment"]]
  [1m[36mActiveRecord::InternalMetadata Create (0.2ms)[0m  [1m[32mINSERT INTO "ar_internal_metadata" ("key", "value", "created_at", "updated_at") VALUES ('environment', 'development', '2023-12-01 22:27:53.661875', '2023-12-01 22:27:53.661880') RETURNING "key"[0m
  [1m[36mActiveRecord::SchemaMigration Load (0.1ms)[0m  [1m[34mSELECT "schema_migrations"."version" FROM "schema_migrations" ORDER BY "schema_migrations"."version" ASC[0m
Migrating to DeviseCreateUsers (20231201221308)
  [1m[36mTRANSACTION (0.1ms)[0m  [1m[36mbegin transaction[0m
  [1m[35m (1.8ms)[0m  [1m[35mCREATE TABLE "users" ("id" integer PRIMARY KEY AUTOINCREMENT NOT NULL, "email" varchar DEFAULT '' NOT NULL, "encrypted_password" varchar DEFAULT '' NOT NULL, "reset_password_token" varchar, "reset_password_sent_at" datetime(6), "remember_created_at" datetime(6), "username" varchar, "created_at" datetime(6) NOT NULL, "updated_at" datetime(6) NOT NULL)[0m
  [1m[35m (0.2ms)[0m  [1m[35mCREATE UNIQUE INDEX "index_users_on_email" ON "users" ("email")[0m
  [1m[35m (0.2ms)[0m  [1m[35mCREATE UNIQUE INDEX "index_users_on_reset_password_token" ON "users" ("reset_password_token")[0m
  [1m[36mActiveRecord::SchemaMigration Create (0.2ms)[0m  [1m[32mINSERT INTO "schema_migrations" ("version") VALUES ('20231201221308') RETURNING "version"[0m
  [1m[36mTRANSACTION (0.3ms)[0m  [1m[36mcommit transaction[0m
  [1m[36mActiveRecord::SchemaMigration Load (0.1ms)[0m  [1m[34mSELECT "schema_migrations"."version" FROM "schema_migrations" ORDER BY "schema_migrations"."version" ASC[0m
  [1m[36mActiveRecord::InternalMetadata Load (0.1ms)[0m  [1m[34mSELECT * FROM "ar_internal_metadata" WHERE "ar_internal_metadata"."key" = ? ORDER BY "ar_internal_metadata"."key" ASC LIMIT 1[0m  [[nil, "environment"]]
  [1m[36mActiveRecord::SchemaMigration Load (0.1ms)[0m  [1m[34mSELECT "schema_migrations"."version" FROM "schema_migrations" ORDER BY "schema_migrations"."version" ASC[0m
  [1m[36mActiveRecord::SchemaMigration Load (0.0ms)[0m  [1m[34mSELECT "schema_migrations"."version" FROM "schema_migrations" ORDER BY "schema_migrations"."version" ASC[0m
Started POST "/rails/actions" for 127.0.0.1 at 2023-12-01 19:29:49 -0300
  [1m[36mActiveRecord::InternalMetadata Load (0.2ms)[0m  [1m[34mSELECT * FROM "ar_internal_metadata" WHERE "ar_internal_metadata"."key" = ? ORDER BY "ar_internal_metadata"."key" ASC LIMIT 1[0m  [[nil, "environment"]]
  [1m[36mActiveRecord::SchemaMigration Load (0.2ms)[0m  [1m[34mSELECT "schema_migrations"."version" FROM "schema_migrations" ORDER BY "schema_migrations"."version" ASC[0m
  [1m[36mCACHE ActiveRecord::SchemaMigration Load (0.0ms)[0m  [1m[34mSELECT "schema_migrations"."version" FROM "schema_migrations" ORDER BY "schema_migrations"."version" ASC[0m
Started GET "/" for 127.0.0.1 at 2023-12-01 19:29:50 -0300
  [1m[36mActiveRecord::SchemaMigration Load (0.2ms)[0m  [1m[34mSELECT "schema_migrations"."version" FROM "schema_migrations" ORDER BY "schema_migrations"."version" ASC[0m
Processing by DashboardController#index as HTML
  Rendering layout layouts/application.html.erb
  Rendering dashboard/index.html.erb within layouts/application
  Rendered dashboard/index.html.erb within layouts/application (Duration: 0.8ms | Allocations: 183)
  Rendered layout layouts/application.html.erb (Duration: 303.8ms | Allocations: 35994)
Completed 200 OK in 340ms (Views: 314.1ms | ActiveRecord: 0.0ms | Allocations: 40324)


Started GET "/" for 127.0.0.1 at 2023-12-01 19:31:33 -0300
Processing by DashboardController#index as HTML
Completed 401 Unauthorized in 39ms (ActiveRecord: 0.0ms | Allocations: 1884)


Started GET "/users/sign_in" for 127.0.0.1 at 2023-12-01 19:31:33 -0300
Processing by Devise::SessionsController#new as HTML
  Rendering layout layouts/application.html.erb
  Rendering /home/luciano/.rbenv/versions/3.2.2/lib/ruby/gems/3.2.0/gems/devise-4.9.3/app/views/devise/sessions/new.html.erb within layouts/application
  Rendered /home/luciano/.rbenv/versions/3.2.2/lib/ruby/gems/3.2.0/gems/devise-4.9.3/app/views/devise/shared/_links.html.erb (Duration: 1.9ms | Allocations: 696)
  Rendered /home/luciano/.rbenv/versions/3.2.2/lib/ruby/gems/3.2.0/gems/devise-4.9.3/app/views/devise/sessions/new.html.erb within layouts/application (Duration: 54.1ms | Allocations: 3772)
  Rendered layout layouts/application.html.erb (Duration: 75.7ms | Allocations: 16994)
Completed 200 OK in 155ms (Views: 79.0ms | ActiveRecord: 3.7ms | Allocations: 33066)


Started GET "/users/sign_up" for 127.0.0.1 at 2023-12-01 19:31:51 -0300
Processing by Devise::RegistrationsController#new as HTML
  Rendering layout layouts/application.html.erb
  Rendering /home/luciano/.rbenv/versions/3.2.2/lib/ruby/gems/3.2.0/gems/devise-4.9.3/app/views/devise/registrations/new.html.erb within layouts/application
  Rendered /home/luciano/.rbenv/versions/3.2.2/lib/ruby/gems/3.2.0/gems/devise-4.9.3/app/views/devise/shared/_error_messages.html.erb (Duration: 0.8ms | Allocations: 221)
  Rendered /home/luciano/.rbenv/versions/3.2.2/lib/ruby/gems/3.2.0/gems/devise-4.9.3/app/views/devise/shared/_links.html.erb (Duration: 0.6ms | Allocations: 138)
  Rendered /home/luciano/.rbenv/versions/3.2.2/lib/ruby/gems/3.2.0/gems/devise-4.9.3/app/views/devise/registrations/new.html.erb within layouts/application (Duration: 23.9ms | Allocations: 1717)
  Rendered layout layouts/application.html.erb (Duration: 28.2ms | Allocations: 3626)
Completed 200 OK in 58ms (Views: 56.9ms | ActiveRecord: 0.0ms | Allocations: 4576)


Started GET "/users/sign_in" for 127.0.0.1 at 2023-12-01 19:34:13 -0300
Processing by Devise::SessionsController#new as HTML
  Rendering layout layouts/devise/sessions.html.erb
  Rendering /home/luciano/.rbenv/versions/3.2.2/lib/ruby/gems/3.2.0/gems/devise-4.9.3/app/views/devise/sessions/new.html.erb within layouts/devise/sessions
  Rendered /home/luciano/.rbenv/versions/3.2.2/lib/ruby/gems/3.2.0/gems/devise-4.9.3/app/views/devise/shared/_links.html.erb (Duration: 2.6ms | Allocations: 666)
  Rendered /home/luciano/.rbenv/versions/3.2.2/lib/ruby/gems/3.2.0/gems/devise-4.9.3/app/views/devise/sessions/new.html.erb within layouts/devise/sessions (Duration: 7.4ms | Allocations: 1977)
  Rendered layout layouts/devise/sessions.html.erb (Duration: 8.2ms | Allocations: 2140)
Completed 200 OK in 30ms (Views: 11.2ms | ActiveRecord: 2.6ms | Allocations: 7814)


Started GET "/users/sign_in" for 127.0.0.1 at 2023-12-01 19:35:05 -0300
Processing by Devise::SessionsController#new as HTML
  Rendering layout layouts/devise/sessions.html.erb
  Rendering /home/luciano/.rbenv/versions/3.2.2/lib/ruby/gems/3.2.0/gems/devise-4.9.3/app/views/devise/sessions/new.html.erb within layouts/devise/sessions
  Rendered /home/luciano/.rbenv/versions/3.2.2/lib/ruby/gems/3.2.0/gems/devise-4.9.3/app/views/devise/shared/_links.html.erb (Duration: 2.0ms | Allocations: 666)
  Rendered /home/luciano/.rbenv/versions/3.2.2/lib/ruby/gems/3.2.0/gems/devise-4.9.3/app/views/devise/sessions/new.html.erb within layouts/devise/sessions (Duration: 6.8ms | Allocations: 1975)
  Rendered layout layouts/devise/sessions.html.erb (Duration: 27.8ms | Allocations: 15377)
Completed 200 OK in 45ms (Views: 31.0ms | ActiveRecord: 3.6ms | Allocations: 20996)


Started GET "/users/sign_up" for 127.0.0.1 at 2023-12-01 19:36:17 -0300
Processing by Devise::RegistrationsController#new as HTML
  Rendering layout layouts/devise/registrations.html.erb
  Rendering /home/luciano/.rbenv/versions/3.2.2/lib/ruby/gems/3.2.0/gems/devise-4.9.3/app/views/devise/registrations/new.html.erb within layouts/devise/registrations
  Rendered /home/luciano/.rbenv/versions/3.2.2/lib/ruby/gems/3.2.0/gems/devise-4.9.3/app/views/devise/shared/_error_messages.html.erb (Duration: 0.6ms | Allocations: 213)
  Rendered /home/luciano/.rbenv/versions/3.2.2/lib/ruby/gems/3.2.0/gems/devise-4.9.3/app/views/devise/shared/_links.html.erb (Duration: 2.2ms | Allocations: 563)
  Rendered /home/luciano/.rbenv/versions/3.2.2/lib/ruby/gems/3.2.0/gems/devise-4.9.3/app/views/devise/registrations/new.html.erb within layouts/devise/registrations (Duration: 6.9ms | Allocations: 2256)
  Rendered layout layouts/devise/registrations.html.erb (Duration: 23.3ms | Allocations: 15663)
Completed 200 OK in 37ms (Views: 26.1ms | ActiveRecord: 2.7ms | Allocations: 21284)


Started POST "/users" for 127.0.0.1 at 2023-12-01 19:36:49 -0300
Processing by Devise::RegistrationsController#create as TURBO_STREAM
  Parameters: {"authenticity_token"=>"[FILTERED]", "user"=>{"email"=>"admin@admin.admin", "password"=>"[FILTERED]", "password_confirmation"=>"[FILTERED]"}, "commit"=>"Sign up"}
  [1m[36mTRANSACTION (0.1ms)[0m  [1m[36mbegin transaction[0m
  [1m[36mUser Exists? (5.4ms)[0m  [1m[34mSELECT 1 AS one FROM "users" WHERE "users"."email" = ? LIMIT ?[0m  [["email", "admin@admin.admin"], ["LIMIT", 1]]
  [1m[36mUser Create (0.3ms)[0m  [1m[32mINSERT INTO "users" ("email", "encrypted_password", "reset_password_token", "reset_password_sent_at", "remember_created_at", "username", "created_at", "updated_at") VALUES (?, ?, ?, ?, ?, ?, ?, ?) RETURNING "id"[0m  [["email", "admin@admin.admin"], ["encrypted_password", "[FILTERED]"], ["reset_password_token", "[FILTERED]"], ["reset_password_sent_at", "[FILTERED]"], ["remember_created_at", nil], ["username", nil], ["created_at", "2023-12-01 22:36:50.178232"], ["updated_at", "2023-12-01 22:36:50.178232"]]
  [1m[36mTRANSACTION (68.0ms)[0m  [1m[36mcommit transaction[0m
Redirected to http://127.0.0.1:3000/
Completed 303 See Other in 759ms (ActiveRecord: 73.8ms | Allocations: 18193)


Started GET "/" for 127.0.0.1 at 2023-12-01 19:36:50 -0300
Processing by DashboardController#index as TURBO_STREAM
  [1m[36mUser Load (0.2ms)[0m  [1m[34mSELECT "users".* FROM "users" WHERE "users"."id" = ? ORDER BY "users"."id" ASC LIMIT ?[0m  [["id", 1], ["LIMIT", 1]]
  Rendering layout layouts/application.html.erb
  Rendering dashboard/index.html.erb within layouts/application
  Rendered dashboard/index.html.erb within layouts/application (Duration: 1.0ms | Allocations: 93)
  Rendered layout layouts/application.html.erb (Duration: 8.1ms | Allocations: 2298)
Completed 200 OK in 19ms (Views: 11.2ms | ActiveRecord: 0.2ms | Allocations: 4820)


Started GET "/" for 127.0.0.1 at 2023-12-01 19:39:59 -0300
Processing by DashboardController#index as HTML
  [1m[36mUser Load (0.2ms)[0m  [1m[34mSELECT "users".* FROM "users" WHERE "users"."id" = ? ORDER BY "users"."id" ASC LIMIT ?[0m  [["id", 1], ["LIMIT", 1]]
  Rendering layout layouts/application.html.erb
  Rendering dashboard/index.html.erb within layouts/application
  Rendered dashboard/index.html.erb within layouts/application (Duration: 0.8ms | Allocations: 98)
  Rendered layout layouts/application.html.erb (Duration: 26.8ms | Allocations: 13640)
Completed 200 OK in 61ms (Views: 29.6ms | ActiveRecord: 5.4ms | Allocations: 21206)


Started DELETE "/users/sign_out" for 127.0.0.1 at 2023-12-01 19:40:01 -0300
Processing by Devise::SessionsController#destroy as TURBO_STREAM
  [1m[36mUser Load (0.1ms)[0m  [1m[34mSELECT "users".* FROM "users" WHERE "users"."id" = ? ORDER BY "users"."id" ASC LIMIT ?[0m  [["id", 1], ["LIMIT", 1]]
Redirected to http://127.0.0.1:3000/
Completed 303 See Other in 85ms (ActiveRecord: 0.1ms | Allocations: 2735)


Started GET "/" for 127.0.0.1 at 2023-12-01 19:40:01 -0300
Processing by DashboardController#index as TURBO_STREAM
Completed 401 Unauthorized in 1ms (ActiveRecord: 0.0ms | Allocations: 325)


Started GET "/users/sign_in" for 127.0.0.1 at 2023-12-01 19:40:01 -0300
Processing by Devise::SessionsController#new as TURBO_STREAM
  Rendering layout layouts/devise/sessions.html.erb
  Rendering /home/luciano/.rbenv/versions/3.2.2/lib/ruby/gems/3.2.0/gems/devise-4.9.3/app/views/devise/sessions/new.html.erb within layouts/devise/sessions
  Rendered /home/luciano/.rbenv/versions/3.2.2/lib/ruby/gems/3.2.0/gems/devise-4.9.3/app/views/devise/shared/_links.html.erb (Duration: 3.3ms | Allocations: 666)
  Rendered /home/luciano/.rbenv/versions/3.2.2/lib/ruby/gems/3.2.0/gems/devise-4.9.3/app/views/devise/sessions/new.html.erb within layouts/devise/sessions (Duration: 9.8ms | Allocations: 1965)
  Rendered layout layouts/devise/sessions.html.erb (Duration: 16.5ms | Allocations: 4128)
Completed 200 OK in 21ms (Views: 19.9ms | ActiveRecord: 0.0ms | Allocations: 5241)


Started GET "/users/password/new" for 127.0.0.1 at 2023-12-01 19:41:08 -0300
Processing by Devise::PasswordsController#new as HTML
  Rendering layout layouts/application.html.erb
  Rendering /home/luciano/.rbenv/versions/3.2.2/lib/ruby/gems/3.2.0/gems/devise-4.9.3/app/views/devise/passwords/new.html.erb within layouts/application
  Rendered /home/luciano/.rbenv/versions/3.2.2/lib/ruby/gems/3.2.0/gems/devise-4.9.3/app/views/devise/shared/_error_messages.html.erb (Duration: 2.4ms | Allocations: 211)
  Rendered /home/luciano/.rbenv/versions/3.2.2/lib/ruby/gems/3.2.0/gems/devise-4.9.3/app/views/devise/shared/_links.html.erb (Duration: 1.8ms | Allocations: 234)
  Rendered /home/luciano/.rbenv/versions/3.2.2/lib/ruby/gems/3.2.0/gems/devise-4.9.3/app/views/devise/passwords/new.html.erb within layouts/application (Duration: 11.2ms | Allocations: 1316)
  Rendered layout layouts/application.html.erb (Duration: 18.4ms | Allocations: 3263)
Completed 200 OK in 25ms (Views: 21.4ms | ActiveRecord: 0.0ms | Allocations: 4269)


Started POST "/users/password" for 127.0.0.1 at 2023-12-01 19:41:11 -0300
Processing by Devise::PasswordsController#create as TURBO_STREAM
  Parameters: {"authenticity_token"=>"[FILTERED]", "user"=>{"email"=>""}, "commit"=>"Send me reset password instructions"}
  Rendering layout layouts/application.html.erb
  Rendering /home/luciano/.rbenv/versions/3.2.2/lib/ruby/gems/3.2.0/gems/devise-4.9.3/app/views/devise/passwords/new.html.erb within layouts/application
  Rendered /home/luciano/.rbenv/versions/3.2.2/lib/ruby/gems/3.2.0/gems/devise-4.9.3/app/views/devise/shared/_error_messages.html.erb (Duration: 1.9ms | Allocations: 461)
  Rendered /home/luciano/.rbenv/versions/3.2.2/lib/ruby/gems/3.2.0/gems/devise-4.9.3/app/views/devise/shared/_links.html.erb (Duration: 1.9ms | Allocations: 224)
  Rendered /home/luciano/.rbenv/versions/3.2.2/lib/ruby/gems/3.2.0/gems/devise-4.9.3/app/views/devise/passwords/new.html.erb within layouts/application (Duration: 9.4ms | Allocations: 1650)
  Rendered layout layouts/application.html.erb (Duration: 28.2ms | Allocations: 3579)
Completed 422 Unprocessable Entity in 40ms (Views: 29.5ms | ActiveRecord: 0.0ms | Allocations: 5399)


Started GET "/users/sign_up" for 127.0.0.1 at 2023-12-01 19:42:22 -0300
Processing by Devise::RegistrationsController#new as HTML
  Rendering layout layouts/devise/registrations.html.erb
  Rendering /home/luciano/.rbenv/versions/3.2.2/lib/ruby/gems/3.2.0/gems/devise-4.9.3/app/views/devise/registrations/new.html.erb within layouts/devise/registrations
  Rendered /home/luciano/.rbenv/versions/3.2.2/lib/ruby/gems/3.2.0/gems/devise-4.9.3/app/views/devise/shared/_error_messages.html.erb (Duration: 0.1ms | Allocations: 13)
  Rendered /home/luciano/.rbenv/versions/3.2.2/lib/ruby/gems/3.2.0/gems/devise-4.9.3/app/views/devise/shared/_links.html.erb (Duration: 1.0ms | Allocations: 134)
  Rendered /home/luciano/.rbenv/versions/3.2.2/lib/ruby/gems/3.2.0/gems/devise-4.9.3/app/views/devise/registrations/new.html.erb within layouts/devise/registrations (Duration: 6.4ms | Allocations: 1380)
  Rendered layout layouts/devise/registrations.html.erb (Duration: 11.0ms | Allocations: 3484)
Completed 200 OK in 14ms (Views: 12.4ms | ActiveRecord: 0.0ms | Allocations: 4357)


Started GET "/users/sign_in" for 127.0.0.1 at 2023-12-01 19:42:23 -0300
Processing by Devise::SessionsController#new as HTML
  Rendering layout layouts/devise/sessions.html.erb
  Rendering /home/luciano/.rbenv/versions/3.2.2/lib/ruby/gems/3.2.0/gems/devise-4.9.3/app/views/devise/sessions/new.html.erb within layouts/devise/sessions
  Rendered /home/luciano/.rbenv/versions/3.2.2/lib/ruby/gems/3.2.0/gems/devise-4.9.3/app/views/devise/shared/_links.html.erb (Duration: 1.4ms | Allocations: 227)
  Rendered /home/luciano/.rbenv/versions/3.2.2/lib/ruby/gems/3.2.0/gems/devise-4.9.3/app/views/devise/sessions/new.html.erb within layouts/devise/sessions (Duration: 5.0ms | Allocations: 1038)
  Rendered layout layouts/devise/sessions.html.erb (Duration: 13.9ms | Allocations: 2940)
Completed 200 OK in 17ms (Views: 14.8ms | ActiveRecord: 0.0ms | Allocations: 3533)


Started GET "/users/sign_in" for 127.0.0.1 at 2023-12-01 19:49:41 -0300
Processing by Devise::SessionsController#new as HTML
  Rendering layout layouts/devise/sessions.html.erb
  Rendering devise/sessions/new.html.erb within layouts/devise/sessions
  Rendered devise/shared/_links.html.erb (Duration: 1.7ms | Allocations: 667)
  Rendered devise/sessions/new.html.erb within layouts/devise/sessions (Duration: 6.2ms | Allocations: 1885)
  Rendered layout layouts/devise/sessions.html.erb (Duration: 26.8ms | Allocations: 15270)
Completed 200 OK in 39ms (Views: 30.2ms | ActiveRecord: 0.0ms | Allocations: 20024)


Started GET "/users/sign_in" for 127.0.0.1 at 2023-12-01 19:54:45 -0300
Processing by Devise::SessionsController#new as HTML
  Rendering layout layouts/devise/sessions.html.erb
  Rendering devise/sessions/new.html.erb within layouts/devise/sessions
  Rendered devise/shared/_links.html.erb (Duration: 1.6ms | Allocations: 666)
  Rendered devise/sessions/new.html.erb within layouts/devise/sessions (Duration: 5.5ms | Allocations: 1811)
  Rendered layout layouts/devise/sessions.html.erb (Duration: 53.2ms | Allocations: 15230)
Completed 200 OK in 66ms (Views: 55.6ms | ActiveRecord: 0.0ms | Allocations: 19952)


Started GET "/users/sign_in" for 127.0.0.1 at 2023-12-01 19:56:08 -0300
Processing by Devise::SessionsController#new as HTML
  Rendering layout layouts/devise/sessions.html.erb
  Rendering devise/sessions/new.html.erb within layouts/devise/sessions
  Rendered devise/shared/_links.html.erb (Duration: 2.7ms | Allocations: 666)
  Rendered devise/sessions/new.html.erb within layouts/devise/sessions (Duration: 7.0ms | Allocations: 1713)
  Rendered layout layouts/devise/sessions.html.erb (Duration: 38.0ms | Allocations: 15008)
Completed 200 OK in 60ms (Views: 42.1ms | ActiveRecord: 3.1ms | Allocations: 20534)


Started GET "/users/sign_in" for 127.0.0.1 at 2023-12-01 19:59:45 -0300
Processing by Devise::SessionsController#new as HTML
  Rendering layout layouts/devise/sessions.html.erb
  Rendering devise/sessions/new.html.erb within layouts/devise/sessions
  Rendered devise/shared/_links.html.erb (Duration: 3.4ms | Allocations: 673)
  Rendered devise/sessions/new.html.erb within layouts/devise/sessions (Duration: 6.9ms | Allocations: 1718)
  Rendered layout layouts/devise/sessions.html.erb (Duration: 27.4ms | Allocations: 15136)
Completed 200 OK in 46ms (Views: 30.1ms | ActiveRecord: 2.4ms | Allocations: 20645)


Started GET "/users/sign_up" for 127.0.0.1 at 2023-12-01 19:59:48 -0300
Processing by Devise::RegistrationsController#new as HTML
  Rendering layout layouts/devise/registrations.html.erb
  Rendering devise/registrations/new.html.erb within layouts/devise/registrations
  Rendered devise/shared/_error_messages.html.erb (Duration: 2.3ms | Allocations: 212)
  Rendered devise/shared/_links.html.erb (Duration: 1.4ms | Allocations: 138)
  Rendered devise/registrations/new.html.erb within layouts/devise/registrations (Duration: 70.6ms | Allocations: 1665)
  Rendered layout layouts/devise/registrations.html.erb (Duration: 88.5ms | Allocations: 3779)
Completed 200 OK in 228ms (Views: 225.0ms | ActiveRecord: 0.0ms | Allocations: 4611)


Started GET "/users/sign_in" for 127.0.0.1 at 2023-12-01 19:59:52 -0300
Processing by Devise::SessionsController#new as HTML
  Rendering layout layouts/devise/sessions.html.erb
  Rendering devise/sessions/new.html.erb within layouts/devise/sessions
  Rendered devise/shared/_links.html.erb (Duration: 3.2ms | Allocations: 233)
  Rendered devise/sessions/new.html.erb within layouts/devise/sessions (Duration: 8.4ms | Allocations: 798)
  Rendered layout layouts/devise/sessions.html.erb (Duration: 19.9ms | Allocations: 2731)
Completed 200 OK in 27ms (Views: 23.1ms | ActiveRecord: 0.0ms | Allocations: 3318)


Started GET "/users/sign_up" for 127.0.0.1 at 2023-12-01 19:59:54 -0300
Processing by Devise::RegistrationsController#new as HTML
  Rendering layout layouts/devise/registrations.html.erb
  Rendering devise/registrations/new.html.erb within layouts/devise/registrations
  Rendered devise/shared/_error_messages.html.erb (Duration: 0.1ms | Allocations: 13)
  Rendered devise/shared/_links.html.erb (Duration: 0.7ms | Allocations: 127)
  Rendered devise/registrations/new.html.erb within layouts/devise/registrations (Duration: 4.2ms | Allocations: 1010)
  Rendered layout layouts/devise/registrations.html.erb (Duration: 10.3ms | Allocations: 2932)
Completed 200 OK in 13ms (Views: 11.3ms | ActiveRecord: 0.0ms | Allocations: 3479)


Started GET "/users/sign_in" for 127.0.0.1 at 2023-12-01 20:03:18 -0300
Processing by Devise::SessionsController#new as HTML
  Rendering layout layouts/devise/sessions.html.erb
  Rendering devise/sessions/new.html.erb within layouts/devise/sessions
  Rendered devise/shared/_links.html.erb (Duration: 1.2ms | Allocations: 228)
  Rendered devise/sessions/new.html.erb within layouts/devise/sessions (Duration: 3.7ms | Allocations: 793)
  Rendered layout layouts/devise/sessions.html.erb (Duration: 9.2ms | Allocations: 2712)
Completed 200 OK in 12ms (Views: 10.1ms | ActiveRecord: 0.0ms | Allocations: 3284)


Started GET "/users/password/new" for 127.0.0.1 at 2023-12-01 20:03:19 -0300
Processing by Devise::PasswordsController#new as HTML
  Rendering layout layouts/application.html.erb
  Rendering devise/passwords/new.html.erb within layouts/application
  Rendered devise/shared/_error_messages.html.erb (Duration: 0.0ms | Allocations: 13)
  Rendered devise/shared/_links.html.erb (Duration: 0.9ms | Allocations: 231)
  Rendered devise/passwords/new.html.erb within layouts/application (Duration: 4.5ms | Allocations: 1041)
  Rendered layout layouts/application.html.erb (Duration: 11.6ms | Allocations: 3214)
Completed 200 OK in 32ms (Views: 13.8ms | ActiveRecord: 0.0ms | Allocations: 4252)


Started GET "/users/sign_in" for 127.0.0.1 at 2023-12-01 20:15:53 -0300
Processing by Devise::SessionsController#new as HTML
  Rendering layout layouts/devise/sessions.html.erb
  Rendering devise/sessions/new.html.erb within layouts/devise/sessions
  Rendered devise/shared/_links.html.erb (Duration: 2.1ms | Allocations: 667)
  Rendered devise/sessions/new.html.erb within layouts/devise/sessions (Duration: 5.4ms | Allocations: 1713)
  Rendered layout layouts/devise/sessions.html.erb (Duration: 23.1ms | Allocations: 15131)
Completed 200 OK in 36ms (Views: 25.6ms | ActiveRecord: 0.0ms | Allocations: 19897)


Started GET "/users/sign_up" for 127.0.0.1 at 2023-12-01 20:15:55 -0300
Processing by Devise::RegistrationsController#new as HTML
  Rendering layout layouts/devise/registrations.html.erb
  Rendering devise/registrations/new.html.erb within layouts/devise/registrations
  Rendered devise/shared/_error_messages.html.erb (Duration: 1.3ms | Allocations: 211)
  Rendered devise/shared/_links.html.erb (Duration: 1.4ms | Allocations: 138)
  Rendered devise/registrations/new.html.erb within layouts/devise/registrations (Duration: 9.3ms | Allocations: 1505)
  Rendered layout layouts/devise/registrations.html.erb (Duration: 17.1ms | Allocations: 3619)
Completed 200 OK in 21ms (Views: 19.6ms | ActiveRecord: 0.0ms | Allocations: 4442)


Started GET "/users/sign_up" for 127.0.0.1 at 2023-12-01 20:17:39 -0300
Processing by Devise::RegistrationsController#new as HTML
  Rendering layout layouts/devise/registrations.html.erb
  Rendering devise/registrations/new.html.erb within layouts/devise/registrations
  Rendered devise/shared/_error_messages.html.erb (Duration: 1.3ms | Allocations: 213)
  Rendered devise/shared/_links.html.erb (Duration: 3.1ms | Allocations: 563)
  Rendered devise/registrations/new.html.erb within layouts/devise/registrations (Duration: 10.4ms | Allocations: 1983)
  Rendered layout layouts/devise/registrations.html.erb (Duration: 30.4ms | Allocations: 15407)
Completed 200 OK in 48ms (Views: 32.5ms | ActiveRecord: 3.4ms | Allocations: 20847)


Started GET "/users/sign_in" for 127.0.0.1 at 2023-12-01 20:17:43 -0300
Processing by Devise::SessionsController#new as HTML
  Rendering layout layouts/devise/sessions.html.erb
  Rendering devise/sessions/new.html.erb within layouts/devise/sessions
  Rendered devise/shared/_links.html.erb (Duration: 5.6ms | Allocations: 243)
  Rendered devise/sessions/new.html.erb within layouts/devise/sessions (Duration: 14.4ms | Allocations: 1152)
  Rendered layout layouts/devise/sessions.html.erb (Duration: 21.6ms | Allocations: 3262)
Completed 200 OK in 30ms (Views: 25.4ms | ActiveRecord: 0.0ms | Allocations: 4179)


Started GET "/users/sign_up" for 127.0.0.1 at 2023-12-01 20:17:45 -0300
Processing by Devise::RegistrationsController#new as HTML
  Rendering layout layouts/devise/registrations.html.erb
  Rendering devise/registrations/new.html.erb within layouts/devise/registrations
  Rendered devise/shared/_error_messages.html.erb (Duration: 0.1ms | Allocations: 13)
  Rendered devise/shared/_links.html.erb (Duration: 1.1ms | Allocations: 127)
  Rendered devise/registrations/new.html.erb within layouts/devise/registrations (Duration: 6.3ms | Allocations: 762)
  Rendered layout layouts/devise/registrations.html.erb (Duration: 15.0ms | Allocations: 2684)
Completed 200 OK in 19ms (Views: 16.3ms | ActiveRecord: 0.0ms | Allocations: 3202)


Started GET "/users/sign_in" for 127.0.0.1 at 2023-12-01 20:17:46 -0300
Processing by Devise::SessionsController#new as HTML
  Rendering layout layouts/devise/sessions.html.erb
  Rendering devise/sessions/new.html.erb within layouts/devise/sessions
  Rendered devise/shared/_links.html.erb (Duration: 1.0ms | Allocations: 228)
  Rendered devise/sessions/new.html.erb within layouts/devise/sessions (Duration: 3.9ms | Allocations: 793)
  Rendered layout layouts/devise/sessions.html.erb (Duration: 9.0ms | Allocations: 2711)
Completed 200 OK in 12ms (Views: 9.8ms | ActiveRecord: 0.0ms | Allocations: 3283)


Started GET "/users/sign_in" for 127.0.0.1 at 2023-12-01 20:18:34 -0300
Processing by Devise::SessionsController#new as HTML
  Rendering layout layouts/devise/sessions.html.erb
  Rendering devise/sessions/new.html.erb within layouts/devise/sessions
  Rendered devise/shared/_links.html.erb (Duration: 1.0ms | Allocations: 228)
  Rendered devise/sessions/new.html.erb within layouts/devise/sessions (Duration: 3.3ms | Allocations: 793)
  Rendered layout layouts/devise/sessions.html.erb (Duration: 8.7ms | Allocations: 2711)
Completed 200 OK in 12ms (Views: 9.5ms | ActiveRecord: 0.0ms | Allocations: 3290)


Started GET "/users/password/new" for 127.0.0.1 at 2023-12-01 20:18:39 -0300
Processing by Devise::PasswordsController#new as HTML
  Rendering layout layouts/application.html.erb
  Rendering devise/passwords/new.html.erb within layouts/application
  Rendered devise/shared/_error_messages.html.erb (Duration: 0.1ms | Allocations: 13)
  Rendered devise/shared/_links.html.erb (Duration: 1.1ms | Allocations: 231)
  Rendered devise/passwords/new.html.erb within layouts/application (Duration: 6.6ms | Allocations: 1047)
  Rendered layout layouts/application.html.erb (Duration: 12.7ms | Allocations: 3220)
Completed 200 OK in 16ms (Views: 14.7ms | ActiveRecord: 0.0ms | Allocations: 4242)


Started GET "/users/sign_in" for 127.0.0.1 at 2023-12-01 20:34:12 -0300
Processing by Devise::SessionsController#new as HTML
  Rendering layout layouts/devise/sessions.html.erb
  Rendering devise/sessions/new.html.erb within layouts/devise/sessions
  Rendered devise/shared/_links.html.erb (Duration: 3.1ms | Allocations: 667)
  Rendered devise/sessions/new.html.erb within layouts/devise/sessions (Duration: 9.3ms | Allocations: 1713)
  Rendered layout layouts/devise/sessions.html.erb (Duration: 37.7ms | Allocations: 15131)
Completed 200 OK in 52ms (Views: 41.9ms | ActiveRecord: 0.0ms | Allocations: 19897)


Started GET "/users/sign_up" for 127.0.0.1 at 2023-12-01 20:34:14 -0300
Processing by Devise::RegistrationsController#new as HTML
  Rendering layout layouts/devise/registrations.html.erb
  Rendering devise/registrations/new.html.erb within layouts/devise/registrations
  Rendered devise/shared/_error_messages.html.erb (Duration: 1.7ms | Allocations: 211)
  Rendered devise/shared/_links.html.erb (Duration: 2.3ms | Allocations: 138)
  Rendered devise/registrations/new.html.erb within layouts/devise/registrations (Duration: 10.3ms | Allocations: 1414)
  Rendered layout layouts/devise/registrations.html.erb (Duration: 17.1ms | Allocations: 3528)
Completed 200 OK in 21ms (Views: 18.8ms | ActiveRecord: 0.0ms | Allocations: 4363)


Started GET "/users/sign_in" for 127.0.0.1 at 2023-12-01 20:34:17 -0300
Processing by Devise::SessionsController#new as HTML
  Rendering layout layouts/devise/sessions.html.erb
  Rendering devise/sessions/new.html.erb within layouts/devise/sessions
  Rendered devise/shared/_links.html.erb (Duration: 2.4ms | Allocations: 228)
  Rendered devise/sessions/new.html.erb within layouts/devise/sessions (Duration: 7.4ms | Allocations: 793)
  Rendered layout layouts/devise/sessions.html.erb (Duration: 23.3ms | Allocations: 2731)
Completed 200 OK in 33ms (Views: 29.5ms | ActiveRecord: 0.0ms | Allocations: 3303)


Started GET "/users/password/new" for 127.0.0.1 at 2023-12-01 20:34:18 -0300
Processing by Devise::PasswordsController#new as HTML
  Rendering layout layouts/application.html.erb
  Rendering devise/passwords/new.html.erb within layouts/application
  Rendered devise/shared/_error_messages.html.erb (Duration: 0.1ms | Allocations: 13)
  Rendered devise/shared/_links.html.erb (Duration: 6.8ms | Allocations: 231)
  Rendered devise/passwords/new.html.erb within layouts/application (Duration: 28.3ms | Allocations: 1047)
  Rendered layout layouts/application.html.erb (Duration: 59.8ms | Allocations: 3222)
Completed 200 OK in 82ms (Views: 66.6ms | ActiveRecord: 0.0ms | Allocations: 4260)


Started GET "/users/password/new" for 127.0.0.1 at 2023-12-01 20:51:48 -0300
Processing by Devise::PasswordsController#new as HTML
  Rendering layout layouts/application.html.erb
  Rendering devise/passwords/new.html.erb within layouts/application
  Rendered devise/shared/_error_messages.html.erb (Duration: 0.6ms | Allocations: 213)
  Rendered devise/shared/_links.html.erb (Duration: 3.5ms | Allocations: 664)
  Rendered devise/passwords/new.html.erb within layouts/application (Duration: 7.9ms | Allocations: 1804)
  Rendered layout layouts/application.html.erb (Duration: 28.6ms | Allocations: 15257)
Completed 200 OK in 43ms (Views: 30.7ms | ActiveRecord: 0.0ms | Allocations: 20127)


Started DELETE "/users/sign_out" for 127.0.0.1 at 2023-12-01 20:51:54 -0300
Processing by Devise::SessionsController#destroy as TURBO_STREAM
Redirected to http://127.0.0.1:3000/
Filter chain halted as :verify_signed_out_user rendered or redirected
Completed 303 See Other in 3ms (ActiveRecord: 0.0ms | Allocations: 614)


Started GET "/" for 127.0.0.1 at 2023-12-01 20:51:55 -0300
Processing by DashboardController#index as TURBO_STREAM
Completed 401 Unauthorized in 1ms (ActiveRecord: 0.0ms | Allocations: 407)


Started GET "/users/sign_in" for 127.0.0.1 at 2023-12-01 20:51:55 -0300
Processing by Devise::SessionsController#new as TURBO_STREAM
  Rendering layout layouts/devise/sessions.html.erb
  Rendering devise/sessions/new.html.erb within layouts/devise/sessions
  Rendered devise/shared/_links.html.erb (Duration: 0.9ms | Allocations: 239)
  Rendered devise/sessions/new.html.erb within layouts/devise/sessions (Duration: 4.1ms | Allocations: 1145)
  Rendered layout layouts/devise/sessions.html.erb (Duration: 13.7ms | Allocations: 3256)
Completed 200 OK in 17ms (Views: 15.0ms | ActiveRecord: 0.0ms | Allocations: 4050)


Started GET "/users/sign_up" for 127.0.0.1 at 2023-12-01 20:51:56 -0300
Processing by Devise::RegistrationsController#new as HTML
  Rendering layout layouts/devise/registrations.html.erb
  Rendering devise/registrations/new.html.erb within layouts/devise/registrations
  Rendered devise/shared/_error_messages.html.erb (Duration: 0.1ms | Allocations: 13)
  Rendered devise/shared/_links.html.erb (Duration: 1.8ms | Allocations: 134)
  Rendered devise/registrations/new.html.erb within layouts/devise/registrations (Duration: 7.6ms | Allocations: 1148)
  Rendered layout layouts/devise/registrations.html.erb (Duration: 14.1ms | Allocations: 3268)
Completed 200 OK in 22ms (Views: 19.9ms | ActiveRecord: 0.0ms | Allocations: 4101)


Started GET "/users/sign_in" for 127.0.0.1 at 2023-12-01 20:51:57 -0300
Processing by Devise::SessionsController#new as HTML
  Rendering layout layouts/devise/sessions.html.erb
  Rendering devise/sessions/new.html.erb within layouts/devise/sessions
  Rendered devise/shared/_links.html.erb (Duration: 1.3ms | Allocations: 228)
  Rendered devise/sessions/new.html.erb within layouts/devise/sessions (Duration: 4.1ms | Allocations: 793)
  Rendered layout layouts/devise/sessions.html.erb (Duration: 8.8ms | Allocations: 2714)
Completed 200 OK in 13ms (Views: 11.2ms | ActiveRecord: 0.0ms | Allocations: 3304)


Started GET "/users/password/new" for 127.0.0.1 at 2023-12-01 20:51:58 -0300
Processing by Devise::PasswordsController#new as HTML
  Rendering layout layouts/application.html.erb
  Rendering devise/passwords/new.html.erb within layouts/application
  Rendered devise/shared/_error_messages.html.erb (Duration: 0.1ms | Allocations: 13)
  Rendered devise/shared/_links.html.erb (Duration: 1.9ms | Allocations: 224)
  Rendered devise/passwords/new.html.erb within layouts/application (Duration: 5.5ms | Allocations: 695)
  Rendered layout layouts/application.html.erb (Duration: 12.8ms | Allocations: 2642)
Completed 200 OK in 15ms (Views: 13.5ms | ActiveRecord: 0.0ms | Allocations: 3193)


Started GET "/users/password/new" for 127.0.0.1 at 2023-12-01 20:53:46 -0300
Processing by Devise::PasswordsController#new as HTML
  Rendering layout layouts/application.html.erb
  Rendering devise/passwords/new.html.erb within layouts/application
  Rendered devise/shared/_error_messages.html.erb (Duration: 0.5ms | Allocations: 213)
  Rendered devise/shared/_links.html.erb (Duration: 1.5ms | Allocations: 664)
  Rendered devise/passwords/new.html.erb within layouts/application (Duration: 4.8ms | Allocations: 1797)
  Rendered layout layouts/application.html.erb (Duration: 23.6ms | Allocations: 15245)
Completed 200 OK in 39ms (Views: 25.8ms | ActiveRecord: 2.3ms | Allocations: 20905)


Started GET "/users/sign_in" for 127.0.0.1 at 2023-12-01 20:53:48 -0300
Processing by Devise::SessionsController#new as HTML
  Rendering layout layouts/devise/sessions.html.erb
  Rendering devise/sessions/new.html.erb within layouts/devise/sessions
  Rendered devise/shared/_links.html.erb (Duration: 0.9ms | Allocations: 239)
  Rendered devise/sessions/new.html.erb within layouts/devise/sessions (Duration: 3.9ms | Allocations: 1149)
  Rendered layout layouts/devise/sessions.html.erb (Duration: 7.7ms | Allocations: 3259)
Completed 200 OK in 10ms (Views: 8.8ms | ActiveRecord: 0.0ms | Allocations: 4162)


Started GET "/users/password/new" for 127.0.0.1 at 2023-12-01 20:53:49 -0300
Processing by Devise::PasswordsController#new as HTML
  Rendering layout layouts/application.html.erb
  Rendering devise/passwords/new.html.erb within layouts/application
  Rendered devise/shared/_error_messages.html.erb (Duration: 0.1ms | Allocations: 13)
  Rendered devise/shared/_links.html.erb (Duration: 2.7ms | Allocations: 224)
  Rendered devise/passwords/new.html.erb within layouts/application (Duration: 7.8ms | Allocations: 695)
  Rendered layout layouts/application.html.erb (Duration: 15.4ms | Allocations: 2642)
Completed 200 OK in 20ms (Views: 17.3ms | ActiveRecord: 0.0ms | Allocations: 3202)


Started GET "/users/password/new" for 127.0.0.1 at 2023-12-01 20:54:08 -0300
Processing by Devise::PasswordsController#new as HTML
  Rendering layout layouts/devise/passwords.html.erb
  Rendering devise/passwords/new.html.erb within layouts/devise/passwords
  Rendered devise/shared/_error_messages.html.erb (Duration: 1.1ms | Allocations: 213)
  Rendered devise/shared/_links.html.erb (Duration: 2.7ms | Allocations: 664)
  Rendered devise/passwords/new.html.erb within layouts/devise/passwords (Duration: 9.3ms | Allocations: 1801)
  Rendered layout layouts/devise/passwords.html.erb (Duration: 30.2ms | Allocations: 15224)
Completed 200 OK in 48ms (Views: 31.8ms | ActiveRecord: 4.5ms | Allocations: 20635)


Started POST "/users/password" for 127.0.0.1 at 2023-12-01 20:54:11 -0300
Processing by Devise::PasswordsController#create as TURBO_STREAM
  Parameters: {"authenticity_token"=>"[FILTERED]", "user"=>{"email"=>"admin@admin.admin"}, "commit"=>"Envíame instrucciones para restablecer la contraseña"}
  [1m[36mUser Load (0.8ms)[0m  [1m[34mSELECT "users".* FROM "users" WHERE "users"."email" = ? ORDER BY "users"."id" ASC LIMIT ?[0m  [["email", "admin@admin.admin"], ["LIMIT", 1]]
  [1m[36mUser Load (0.5ms)[0m  [1m[34mSELECT "users".* FROM "users" WHERE "users"."reset_password_token" = ? ORDER BY "users"."id" ASC LIMIT ?[0m  [["reset_password_token", "[FILTERED]"], ["LIMIT", 1]]
  [1m[36mTRANSACTION (0.2ms)[0m  [1m[36mbegin transaction[0m
  [1m[36mUser Update (8.1ms)[0m  [1m[33mUPDATE "users" SET "reset_password_token" = ?, "reset_password_sent_at" = ?, "updated_at" = ? WHERE "users"."id" = ?[0m  [["reset_password_token", "[FILTERED]"], ["reset_password_sent_at", "[FILTERED]"], ["updated_at", "2023-12-01 23:54:12.362251"], ["id", 1]]
  [1m[36mTRANSACTION (58.5ms)[0m  [1m[36mcommit transaction[0m
  Rendering devise/mailer/reset_password_instructions.html.erb
  Rendered devise/mailer/reset_password_instructions.html.erb (Duration: 2.0ms | Allocations: 1361)
Devise::Mailer#reset_password_instructions: processed outbound mail in 21.3ms
Completed 500 Internal Server Error in 918ms (ActiveRecord: 67.9ms | Allocations: 34924)


  
ActionView::Template::Error (Missing host to link to! Please provide the :host parameter, set default_url_options[:host], or set :only_path to true):
    2: 
    3: <p>Alguien ha solicitado un enlace para cambiar su contraseña. Puedes hacerlo a través del siguiente enlace.</p>
    4: 
    5: <p><%= link_to 'Cambiar mi contraseña', edit_password_url(@resource, reset_password_token: @token) %></p>
    6: 
    7: <p>Si no solicitó esto, ignore este correo electrónico.</p>
    8: <p>Su contraseña no cambiará hasta que acceda al enlace de arriba y cree una nueva.</p>
  
app/views/devise/mailer/reset_password_instructions.html.erb:5
Started GET "/users/sign_in" for 127.0.0.1 at 2023-12-01 20:55:01 -0300
Processing by Devise::SessionsController#new as HTML
  Rendering layout layouts/devise/sessions.html.erb
  Rendering devise/sessions/new.html.erb within layouts/devise/sessions
  Rendered devise/shared/_links.html.erb (Duration: 1.2ms | Allocations: 239)
  Rendered devise/sessions/new.html.erb within layouts/devise/sessions (Duration: 5.6ms | Allocations: 1151)
  Rendered layout layouts/devise/sessions.html.erb (Duration: 13.6ms | Allocations: 3296)
Completed 200 OK in 18ms (Views: 15.9ms | ActiveRecord: 0.0ms | Allocations: 4206)


Started GET "/users/sign_in" for 127.0.0.1 at 2023-12-01 20:55:01 -0300
Processing by Devise::SessionsController#new as HTML
  Rendering layout layouts/devise/sessions.html.erb
  Rendering devise/sessions/new.html.erb within layouts/devise/sessions
  Rendered devise/shared/_links.html.erb (Duration: 2.8ms | Allocations: 228)
  Rendered devise/sessions/new.html.erb within layouts/devise/sessions (Duration: 7.4ms | Allocations: 793)
  Rendered layout layouts/devise/sessions.html.erb (Duration: 12.9ms | Allocations: 2711)
Completed 200 OK in 16ms (Views: 14.2ms | ActiveRecord: 0.0ms | Allocations: 3289)


Started GET "/users/sign_in" for 127.0.0.1 at 2023-12-01 20:58:28 -0300
Processing by Devise::SessionsController#new as HTML
  Rendering layout layouts/devise/sessions.html.erb
  Rendering devise/sessions/new.html.erb within layouts/devise/sessions
  Rendered devise/shared/_links.html.erb (Duration: 1.4ms | Allocations: 228)
  Rendered devise/sessions/new.html.erb within layouts/devise/sessions (Duration: 4.3ms | Allocations: 793)
  Rendered layout layouts/devise/sessions.html.erb (Duration: 7.9ms | Allocations: 2711)
Completed 200 OK in 10ms (Views: 8.8ms | ActiveRecord: 0.0ms | Allocations: 3310)


Started GET "/users/sign_in" for 127.0.0.1 at 2023-12-01 20:59:26 -0300
Processing by Devise::SessionsController#new as HTML
  Rendering layout layouts/devise/sessions.html.erb
  Rendering devise/sessions/new.html.erb within layouts/devise/sessions
  Rendered devise/shared/_links.html.erb (Duration: 2.8ms | Allocations: 667)
  Rendered devise/sessions/new.html.erb within layouts/devise/sessions (Duration: 9.0ms | Allocations: 1712)
  Rendered layout layouts/devise/sessions.html.erb (Duration: 27.0ms | Allocations: 15164)
Completed 200 OK in 43ms (Views: 29.2ms | ActiveRecord: 3.9ms | Allocations: 20707)


Started POST "/users/sign_in" for 127.0.0.1 at 2023-12-01 20:59:30 -0300
Processing by Devise::SessionsController#create as TURBO_STREAM
  Parameters: {"authenticity_token"=>"[FILTERED]", "user"=>{"email"=>"admin@admin.admin", "password"=>"[FILTERED]", "remember_me"=>"0"}, "commit"=>"Confirmar"}
  [1m[36mUser Load (0.5ms)[0m  [1m[34mSELECT "users".* FROM "users" WHERE "users"."email" = ? ORDER BY "users"."id" ASC LIMIT ?[0m  [["email", "admin@admin.admin"], ["LIMIT", 1]]
Completed 401 Unauthorized in 365ms (ActiveRecord: 0.5ms | Allocations: 1939)


Processing by Devise::SessionsController#new as TURBO_STREAM
  Parameters: {"authenticity_token"=>"[FILTERED]", "user"=>{"email"=>"admin@admin.admin", "password"=>"[FILTERED]", "remember_me"=>"0"}, "commit"=>"Confirmar"}
  Rendering layout layouts/devise/sessions.html.erb
  Rendering devise/sessions/new.html.erb within layouts/devise/sessions
  Rendered devise/shared/_links.html.erb (Duration: 0.9ms | Allocations: 228)
  Rendered devise/sessions/new.html.erb within layouts/devise/sessions (Duration: 3.3ms | Allocations: 789)
  Rendered layout layouts/devise/sessions.html.erb (Duration: 9.5ms | Allocations: 2711)
Completed 200 OK in 355ms (Views: 10.4ms | ActiveRecord: 0.0ms | Allocations: 3161)


Started POST "/users/sign_in" for 127.0.0.1 at 2023-12-01 21:00:07 -0300
Processing by Devise::SessionsController#create as TURBO_STREAM
  Parameters: {"authenticity_token"=>"[FILTERED]", "user"=>{"email"=>"admin@admin.admin", "password"=>"[FILTERED]", "remember_me"=>"0"}, "commit"=>"Confirmar"}
  [1m[36mUser Load (0.2ms)[0m  [1m[34mSELECT "users".* FROM "users" WHERE "users"."email" = ? ORDER BY "users"."id" ASC LIMIT ?[0m  [["email", "admin@admin.admin"], ["LIMIT", 1]]
Redirected to http://127.0.0.1:3000/
Completed 303 See Other in 339ms (ActiveRecord: 2.6ms | Allocations: 7628)


Started GET "/" for 127.0.0.1 at 2023-12-01 21:00:07 -0300
Processing by DashboardController#index as TURBO_STREAM
  [1m[36mUser Load (0.2ms)[0m  [1m[34mSELECT "users".* FROM "users" WHERE "users"."id" = ? ORDER BY "users"."id" ASC LIMIT ?[0m  [["id", 1], ["LIMIT", 1]]
  Rendering layout layouts/application.html.erb
  Rendering dashboard/index.html.erb within layouts/application
  Rendered dashboard/index.html.erb within layouts/application (Duration: 0.6ms | Allocations: 94)
  Rendered layout layouts/application.html.erb (Duration: 31.3ms | Allocations: 13586)
Completed 200 OK in 65ms (Views: 34.1ms | ActiveRecord: 0.2ms | Allocations: 15923)


Started GET "/" for 127.0.0.1 at 2023-12-01 21:00:07 -0300
Processing by DashboardController#index as HTML
  [1m[36mUser Load (0.2ms)[0m  [1m[34mSELECT "users".* FROM "users" WHERE "users"."id" = ? ORDER BY "users"."id" ASC LIMIT ?[0m  [["id", 1], ["LIMIT", 1]]
  Rendering layout layouts/application.html.erb
  Rendering dashboard/index.html.erb within layouts/application
  Rendered dashboard/index.html.erb within layouts/application (Duration: 0.1ms | Allocations: 7)
  Rendered layout layouts/application.html.erb (Duration: 9.1ms | Allocations: 1969)
Completed 200 OK in 16ms (Views: 10.3ms | ActiveRecord: 0.2ms | Allocations: 3536)


Started DELETE "/users/sign_out" for 127.0.0.1 at 2023-12-01 21:00:10 -0300
Processing by Devise::SessionsController#destroy as TURBO_STREAM
  [1m[36mUser Load (0.3ms)[0m  [1m[34mSELECT "users".* FROM "users" WHERE "users"."id" = ? ORDER BY "users"."id" ASC LIMIT ?[0m  [["id", 1], ["LIMIT", 1]]
Redirected to http://127.0.0.1:3000/
Completed 303 See Other in 11ms (ActiveRecord: 0.3ms | Allocations: 1944)


Started GET "/" for 127.0.0.1 at 2023-12-01 21:00:10 -0300
Processing by DashboardController#index as TURBO_STREAM
Completed 401 Unauthorized in 1ms (ActiveRecord: 0.0ms | Allocations: 295)


Started GET "/users/sign_in" for 127.0.0.1 at 2023-12-01 21:00:10 -0300
Processing by Devise::SessionsController#new as TURBO_STREAM
  Rendering layout layouts/devise/sessions.html.erb
  Rendering devise/sessions/new.html.erb within layouts/devise/sessions
  Rendered devise/shared/_links.html.erb (Duration: 1.6ms | Allocations: 667)
  Rendered devise/sessions/new.html.erb within layouts/devise/sessions (Duration: 5.4ms | Allocations: 1695)
  Rendered layout layouts/devise/sessions.html.erb (Duration: 9.9ms | Allocations: 3907)
Completed 200 OK in 14ms (Views: 11.8ms | ActiveRecord: 0.0ms | Allocations: 4638)


Started GET "/users/sign_in" for 127.0.0.1 at 2023-12-01 21:00:10 -0300
Processing by Devise::SessionsController#new as HTML
  Rendering layout layouts/devise/sessions.html.erb
  Rendering devise/sessions/new.html.erb within layouts/devise/sessions
  Rendered devise/shared/_links.html.erb (Duration: 1.2ms | Allocations: 228)
  Rendered devise/sessions/new.html.erb within layouts/devise/sessions (Duration: 3.5ms | Allocations: 793)
  Rendered layout layouts/devise/sessions.html.erb (Duration: 8.0ms | Allocations: 2722)
Completed 200 OK in 10ms (Views: 9.0ms | ActiveRecord: 0.0ms | Allocations: 3270)


Started POST "/users/sign_in" for 127.0.0.1 at 2023-12-01 21:00:12 -0300
Processing by Devise::SessionsController#create as TURBO_STREAM
  Parameters: {"authenticity_token"=>"[FILTERED]", "user"=>{"email"=>"admin@admin.admin", "password"=>"[FILTERED]", "remember_me"=>"0"}, "commit"=>"Confirmar"}
  [1m[36mUser Load (0.1ms)[0m  [1m[34mSELECT "users".* FROM "users" WHERE "users"."email" = ? ORDER BY "users"."id" ASC LIMIT ?[0m  [["email", "admin@admin.admin"], ["LIMIT", 1]]
Completed 401 Unauthorized in 360ms (ActiveRecord: 0.1ms | Allocations: 1567)


Processing by Devise::SessionsController#new as TURBO_STREAM
  Parameters: {"authenticity_token"=>"[FILTERED]", "user"=>{"email"=>"admin@admin.admin", "password"=>"[FILTERED]", "remember_me"=>"0"}, "commit"=>"Confirmar"}
  Rendering layout layouts/devise/sessions.html.erb
  Rendering devise/sessions/new.html.erb within layouts/devise/sessions
  Rendered devise/shared/_links.html.erb (Duration: 0.9ms | Allocations: 228)
  Rendered devise/sessions/new.html.erb within layouts/devise/sessions (Duration: 2.8ms | Allocations: 784)
  Rendered layout layouts/devise/sessions.html.erb (Duration: 7.0ms | Allocations: 2706)
Completed 200 OK in 345ms (Views: 7.9ms | ActiveRecord: 0.0ms | Allocations: 3152)


Started GET "/users/sign_in" for 127.0.0.1 at 2023-12-01 21:00:13 -0300
Processing by Devise::SessionsController#new as HTML
  Rendering layout layouts/devise/sessions.html.erb
  Rendering devise/sessions/new.html.erb within layouts/devise/sessions
  Rendered devise/shared/_links.html.erb (Duration: 2.3ms | Allocations: 228)
  Rendered devise/sessions/new.html.erb within layouts/devise/sessions (Duration: 11.3ms | Allocations: 793)
  Rendered layout layouts/devise/sessions.html.erb (Duration: 20.0ms | Allocations: 2723)
Completed 200 OK in 24ms (Views: 21.6ms | ActiveRecord: 0.0ms | Allocations: 3262)


Started POST "/users/sign_in" for 127.0.0.1 at 2023-12-01 21:00:41 -0300
Processing by Devise::SessionsController#create as TURBO_STREAM
  Parameters: {"authenticity_token"=>"[FILTERED]", "user"=>{"email"=>"admin@admin.admin", "password"=>"[FILTERED]", "remember_me"=>"0"}, "commit"=>"Confirmar"}
  [1m[36mUser Load (0.4ms)[0m  [1m[34mSELECT "users".* FROM "users" WHERE "users"."email" = ? ORDER BY "users"."id" ASC LIMIT ?[0m  [["email", "admin@admin.admin"], ["LIMIT", 1]]
Completed 401 Unauthorized in 350ms (ActiveRecord: 2.8ms | Allocations: 6283)


Processing by Devise::SessionsController#new as TURBO_STREAM
  Parameters: {"authenticity_token"=>"[FILTERED]", "user"=>{"email"=>"admin@admin.admin", "password"=>"[FILTERED]", "remember_me"=>"0"}, "commit"=>"Confirmar"}
  Rendering layout layouts/devise/sessions.html.erb
  Rendering devise/sessions/new.html.erb within layouts/devise/sessions
  Rendered devise/shared/_links.html.erb (Duration: 4.2ms | Allocations: 667)
  Rendered devise/sessions/new.html.erb within layouts/devise/sessions (Duration: 10.5ms | Allocations: 1693)
  Rendered layout layouts/devise/sessions.html.erb (Duration: 42.1ms | Allocations: 15135)
Completed 200 OK in 422ms (Views: 46.5ms | ActiveRecord: 0.0ms | Allocations: 16191)


Started GET "/users/sign_in" for 127.0.0.1 at 2023-12-01 21:00:42 -0300
Processing by Devise::SessionsController#new as HTML
  Rendering layout layouts/devise/sessions.html.erb
  Rendering devise/sessions/new.html.erb within layouts/devise/sessions
  Rendered devise/shared/_links.html.erb (Duration: 6.1ms | Allocations: 228)
  Rendered devise/sessions/new.html.erb within layouts/devise/sessions (Duration: 9.9ms | Allocations: 795)
  Rendered layout layouts/devise/sessions.html.erb (Duration: 16.5ms | Allocations: 2725)
Completed 200 OK in 20ms (Views: 17.7ms | ActiveRecord: 0.0ms | Allocations: 3275)


Started POST "/users/sign_in" for 127.0.0.1 at 2023-12-01 21:01:03 -0300
Processing by Devise::SessionsController#create as TURBO_STREAM
  Parameters: {"authenticity_token"=>"[FILTERED]", "user"=>{"email"=>"admin@admin.admin", "password"=>"[FILTERED]", "remember_me"=>"0"}, "commit"=>"Confirmar"}
  [1m[36mUser Load (0.2ms)[0m  [1m[34mSELECT "users".* FROM "users" WHERE "users"."email" = ? ORDER BY "users"."id" ASC LIMIT ?[0m  [["email", "admin@admin.admin"], ["LIMIT", 1]]
Completed 401 Unauthorized in 352ms (ActiveRecord: 3.5ms | Allocations: 6204)


Processing by Devise::SessionsController#new as TURBO_STREAM
  Parameters: {"authenticity_token"=>"[FILTERED]", "user"=>{"email"=>"admin@admin.admin", "password"=>"[FILTERED]", "remember_me"=>"0"}, "commit"=>"Confirmar"}
  Rendering layout layouts/devise/sessions.html.erb
  Rendering devise/sessions/new.html.erb within layouts/devise/sessions
  Rendered devise/shared/_links.html.erb (Duration: 2.5ms | Allocations: 667)
  Rendered devise/sessions/new.html.erb within layouts/devise/sessions (Duration: 7.0ms | Allocations: 1691)
  Rendered layout layouts/devise/sessions.html.erb (Duration: 39.2ms | Allocations: 14914)
Completed 200 OK in 411ms (Views: 42.3ms | ActiveRecord: 0.0ms | Allocations: 15962)


Started GET "/users/sign_in" for 127.0.0.1 at 2023-12-01 21:01:35 -0300
Processing by Devise::SessionsController#new as HTML
  Rendering layout layouts/devise/sessions.html.erb
  Rendering devise/sessions/new.html.erb within layouts/devise/sessions
  Rendered devise/shared/_links.html.erb (Duration: 2.3ms | Allocations: 667)
  Rendered devise/sessions/new.html.erb within layouts/devise/sessions (Duration: 7.8ms | Allocations: 1743)
  Rendered layout layouts/devise/sessions.html.erb (Duration: 28.8ms | Allocations: 15183)
Completed 200 OK in 45ms (Views: 31.0ms | ActiveRecord: 3.3ms | Allocations: 20706)


Started POST "/users/sign_in" for 127.0.0.1 at 2023-12-01 21:01:38 -0300
Processing by Devise::SessionsController#create as TURBO_STREAM
  Parameters: {"authenticity_token"=>"[FILTERED]", "user"=>{"email"=>"admin@admin.admin", "password"=>"[FILTERED]", "remember_me"=>"0"}, "commit"=>"Confirmar"}
  [1m[36mUser Load (0.3ms)[0m  [1m[34mSELECT "users".* FROM "users" WHERE "users"."email" = ? ORDER BY "users"."id" ASC LIMIT ?[0m  [["email", "admin@admin.admin"], ["LIMIT", 1]]
Completed 401 Unauthorized in 358ms (ActiveRecord: 0.3ms | Allocations: 1871)


Processing by Devise::SessionsController#new as TURBO_STREAM
  Parameters: {"authenticity_token"=>"[FILTERED]", "user"=>{"email"=>"admin@admin.admin", "password"=>"[FILTERED]", "remember_me"=>"0"}, "commit"=>"Confirmar"}
  Rendering layout layouts/devise/sessions.html.erb
  Rendering devise/sessions/new.html.erb within layouts/devise/sessions
  Rendered devise/shared/_links.html.erb (Duration: 0.8ms | Allocations: 228)
  Rendered devise/sessions/new.html.erb within layouts/devise/sessions (Duration: 2.5ms | Allocations: 788)
  Rendered layout layouts/devise/sessions.html.erb (Duration: 6.5ms | Allocations: 2710)
Completed 200 OK in 340ms (Views: 7.2ms | ActiveRecord: 0.0ms | Allocations: 3161)


Started GET "/users/sign_in" for 127.0.0.1 at 2023-12-01 21:02:01 -0300
Processing by Devise::SessionsController#new as HTML
  Rendering layout layouts/devise/sessions.html.erb
  Rendering devise/sessions/new.html.erb within layouts/devise/sessions
  Rendered devise/shared/_links.html.erb (Duration: 1.7ms | Allocations: 667)
  Rendered devise/sessions/new.html.erb within layouts/devise/sessions (Duration: 5.3ms | Allocations: 1741)
  Rendered layout layouts/devise/sessions.html.erb (Duration: 27.0ms | Allocations: 15160)
Completed 200 OK in 42ms (Views: 30.8ms | ActiveRecord: 2.1ms | Allocations: 20647)


Started POST "/users/sign_in" for 127.0.0.1 at 2023-12-01 21:02:06 -0300
Processing by Devise::SessionsController#create as TURBO_STREAM
  Parameters: {"authenticity_token"=>"[FILTERED]", "user"=>{"email"=>"admin@admin.admin", "password"=>"[FILTERED]", "remember_me"=>"1"}, "commit"=>"Confirmar"}
  [1m[36mUser Load (0.4ms)[0m  [1m[34mSELECT "users".* FROM "users" WHERE "users"."email" = ? ORDER BY "users"."id" ASC LIMIT ?[0m  [["email", "admin@admin.admin"], ["LIMIT", 1]]
Completed 401 Unauthorized in 364ms (ActiveRecord: 0.4ms | Allocations: 1880)


Processing by Devise::SessionsController#new as TURBO_STREAM
  Parameters: {"authenticity_token"=>"[FILTERED]", "user"=>{"email"=>"admin@admin.admin", "password"=>"[FILTERED]", "remember_me"=>"1"}, "commit"=>"Confirmar"}
  Rendering layout layouts/devise/sessions.html.erb
  Rendering devise/sessions/new.html.erb within layouts/devise/sessions
  Rendered devise/shared/_links.html.erb (Duration: 0.8ms | Allocations: 228)
  Rendered devise/sessions/new.html.erb within layouts/devise/sessions (Duration: 2.8ms | Allocations: 789)
  Rendered layout layouts/devise/sessions.html.erb (Duration: 7.0ms | Allocations: 2707)
Completed 200 OK in 350ms (Views: 7.9ms | ActiveRecord: 0.0ms | Allocations: 3158)


Started POST "/users/sign_in" for 127.0.0.1 at 2023-12-01 21:08:13 -0300
Processing by Devise::SessionsController#create as TURBO_STREAM
  Parameters: {"authenticity_token"=>"[FILTERED]", "user"=>{"email"=>"admin@admin.admin", "password"=>"[FILTERED]", "remember_me"=>"1"}, "commit"=>"Confirmar"}
  [1m[36mUser Load (2.2ms)[0m  [1m[34mSELECT "users".* FROM "users" WHERE "users"."email" = ? ORDER BY "users"."id" ASC LIMIT ?[0m  [["email", "admin@admin.admin"], ["LIMIT", 1]]
  [1m[36mTRANSACTION (0.1ms)[0m  [1m[36mbegin transaction[0m
  [1m[36mUser Update (2.5ms)[0m  [1m[33mUPDATE "users" SET "remember_created_at" = ?, "updated_at" = ? WHERE "users"."id" = ?[0m  [["remember_created_at", "2023-12-02 00:08:13.494861"], ["updated_at", "2023-12-02 00:08:13.495428"], ["id", 1]]
  [1m[36mTRANSACTION (145.7ms)[0m  [1m[36mcommit transaction[0m
Redirected to http://127.0.0.1:3000/
Completed 303 See Other in 540ms (ActiveRecord: 151.6ms | Allocations: 6662)


Started GET "/" for 127.0.0.1 at 2023-12-01 21:08:13 -0300
Processing by DashboardController#index as TURBO_STREAM
  [1m[36mUser Load (0.2ms)[0m  [1m[34mSELECT "users".* FROM "users" WHERE "users"."id" = ? ORDER BY "users"."id" ASC LIMIT ?[0m  [["id", 1], ["LIMIT", 1]]
  Rendering layout layouts/application.html.erb
  Rendering dashboard/index.html.erb within layouts/application
  Rendered dashboard/index.html.erb within layouts/application (Duration: 4.4ms | Allocations: 93)
  Rendered layout layouts/application.html.erb (Duration: 12.0ms | Allocations: 2383)
Completed 200 OK in 24ms (Views: 17.3ms | ActiveRecord: 0.2ms | Allocations: 4605)


Started DELETE "/users/sign_out" for 127.0.0.1 at 2023-12-01 21:08:16 -0300
Processing by Devise::SessionsController#destroy as TURBO_STREAM
  [1m[36mUser Load (0.2ms)[0m  [1m[34mSELECT "users".* FROM "users" WHERE "users"."id" = ? ORDER BY "users"."id" ASC LIMIT ?[0m  [["id", 1], ["LIMIT", 1]]
  [1m[36mTRANSACTION (0.1ms)[0m  [1m[36mbegin transaction[0m
  [1m[36mUser Update (4.2ms)[0m  [1m[33mUPDATE "users" SET "remember_created_at" = ?, "updated_at" = ? WHERE "users"."id" = ?[0m  [["remember_created_at", nil], ["updated_at", "2023-12-02 00:08:16.225177"], ["id", 1]]
  [1m[36mTRANSACTION (0.3ms)[0m  [1m[36mcommit transaction[0m
Redirected to http://127.0.0.1:3000/
Completed 303 See Other in 25ms (ActiveRecord: 4.7ms | Allocations: 5040)


Started GET "/" for 127.0.0.1 at 2023-12-01 21:08:16 -0300
Processing by DashboardController#index as TURBO_STREAM
Completed 401 Unauthorized in 1ms (ActiveRecord: 0.0ms | Allocations: 289)


Started GET "/users/sign_in" for 127.0.0.1 at 2023-12-01 21:08:16 -0300
Processing by Devise::SessionsController#new as TURBO_STREAM
  Rendering layout layouts/devise/sessions.html.erb
  Rendering devise/sessions/new.html.erb within layouts/devise/sessions
  Rendered devise/shared/_links.html.erb (Duration: 1.1ms | Allocations: 228)
  Rendered devise/sessions/new.html.erb within layouts/devise/sessions (Duration: 3.4ms | Allocations: 810)
  Rendered layout layouts/devise/sessions.html.erb (Duration: 7.4ms | Allocations: 2728)
Completed 200 OK in 9ms (Views: 8.0ms | ActiveRecord: 0.0ms | Allocations: 3278)


Started GET "/users/sign_up" for 127.0.0.1 at 2023-12-01 21:08:17 -0300
Processing by Devise::RegistrationsController#new as HTML
  Rendering layout layouts/devise/registrations.html.erb
  Rendering devise/registrations/new.html.erb within layouts/devise/registrations
  Rendered devise/shared/_error_messages.html.erb (Duration: 0.8ms | Allocations: 211)
  Rendered devise/shared/_links.html.erb (Duration: 0.7ms | Allocations: 137)
  Rendered devise/registrations/new.html.erb within layouts/devise/registrations (Duration: 11.7ms | Allocations: 1411)
  Rendered layout layouts/devise/registrations.html.erb (Duration: 17.8ms | Allocations: 3525)
Completed 200 OK in 21ms (Views: 19.2ms | ActiveRecord: 0.0ms | Allocations: 4323)


Started GET "/users/sign_in" for 127.0.0.1 at 2023-12-01 21:08:22 -0300
Processing by Devise::SessionsController#new as HTML
  Rendering layout layouts/devise/sessions.html.erb
  Rendering devise/sessions/new.html.erb within layouts/devise/sessions
  Rendered devise/shared/_links.html.erb (Duration: 2.7ms | Allocations: 233)
  Rendered devise/sessions/new.html.erb within layouts/devise/sessions (Duration: 5.5ms | Allocations: 809)
  Rendered layout layouts/devise/sessions.html.erb (Duration: 11.1ms | Allocations: 2776)
Completed 200 OK in 14ms (Views: 12.0ms | ActiveRecord: 0.0ms | Allocations: 3341)


